The last restore is still up to date. Nothing left to do.
run Release
Building project with version: LocalBuild
Shortened DependencyGraph for Target Release:
<== Release
   <== Push
      <== All
         <== Pack
            <== RunTest
               <== BuildTest
                  <== BuildBenchmarkDotNet
                     <== BuildExpecto
                        <== ProjectVersion
                           <== AssemblyInfo
                              <== Clean

The running order is:
Group - 1
  - Clean
Group - 2
  - AssemblyInfo
Group - 3
  - ProjectVersion
Group - 4
  - BuildExpecto
Group - 5
  - BuildBenchmarkDotNet
Group - 6
  - BuildTest
Group - 7
  - RunTest
Group - 8
  - Pack
Group - 9
  - All
Group - 10
  - Push
Group - 11
  - Release
Starting target 'Clean'
NoDescription
Finished (Success) 'Clean' in 00:00:00.1717828
Starting target 'AssemblyInfo'
NoDescription
Starting task 'AssemblyInfo': Expecto/AssemblyInfo.fs
Created AssemblyInfo file "Expecto/AssemblyInfo.fs".
Finished (Success) 'AssemblyInfo' in 00:00:00.0159738
Starting task 'AssemblyInfo': Expecto.FsCheck/AssemblyInfo.fs
Created AssemblyInfo file "Expecto.FsCheck/AssemblyInfo.fs".
Finished (Success) 'AssemblyInfo' in 00:00:00.0004480
Starting task 'AssemblyInfo': Expecto.BenchmarkDotNet/AssemblyInfo.fs
Created AssemblyInfo file "Expecto.BenchmarkDotNet/AssemblyInfo.fs".
Finished (Success) 'AssemblyInfo' in 00:00:00.0004435
Starting task 'AssemblyInfo': Expecto.Hopac/AssemblyInfo.fs
Created AssemblyInfo file "Expecto.Hopac/AssemblyInfo.fs".
Finished (Success) 'AssemblyInfo' in 00:00:00.0003686
Finished (Success) 'AssemblyInfo' in 00:00:00.0312296
Starting target 'ProjectVersion'
NoDescription
Finished (Success) 'ProjectVersion' in 00:00:00.0184566
Starting target 'BuildExpecto'
NoDescription
Starting task 'DotNet:build': Expecto/Expecto.fsproj
/Library/Frameworks/Mono.framework/Versions/Current/Commands/mono --version
dotnet  build --no-dependencies Expecto/Expecto.fsproj --configuration Release
Microsoft (R) Build Engine version 15.8.166+gd4e8d81a88 for .NET Core
Copyright (C) Microsoft Corporation. All rights reserved.

  Paket version 5.177.1
  The last restore is still up to date. Nothing left to do.
  Performance:
   - Runtime: 64 milliseconds
  Paket version 5.177.1
  Starting restore process.
  Performance:
   - Disk IO: 10 milliseconds
   - Runtime: 1 second
  Restoring packages for /Users/h/dev/logibit/expecto/Expecto/Expecto.fsproj...
  Generating MSBuild file /Users/h/dev/logibit/expecto/Expecto/obj/Expecto.fsproj.nuget.g.props.
  Generating MSBuild file /Users/h/dev/logibit/expecto/Expecto/obj/Expecto.fsproj.nuget.g.targets.
  Restore completed in 382.46 ms for /Users/h/dev/logibit/expecto/Expecto/Expecto.fsproj.
  Expecto -> /Users/h/dev/logibit/expecto/Expecto/bin/Release/netstandard2.0/Expecto.dll
  Expecto -> /Users/h/dev/logibit/expecto/Expecto/bin/Release/net461/Expecto.dll

Build succeeded.
    0 Warning(s)
    0 Error(s)

Time Elapsed 00:00:11.46
Finished (Success) 'DotNet:build' in 00:00:11.9400983
Starting task 'DotNet:build': Expecto.TestResults/Expecto.TestResults.fsproj
dotnet  build --no-dependencies Expecto.TestResults/Expecto.TestResults.fsproj --configuration Release
Microsoft (R) Build Engine version 15.8.166+gd4e8d81a88 for .NET Core
Copyright (C) Microsoft Corporation. All rights reserved.

  Paket version 5.177.1
  The last restore is still up to date. Nothing left to do.
  Performance:
   - Runtime: 59 milliseconds
  Paket version 5.177.1
  Starting restore process.
  Performance:
   - Runtime: 706 milliseconds
  Restoring packages for /Users/h/dev/logibit/expecto/Expecto.TestResults/Expecto.TestResults.fsproj...
  Restore completed in 16 ms for /Users/h/dev/logibit/expecto/Expecto/Expecto.fsproj.
  Generating MSBuild file /Users/h/dev/logibit/expecto/Expecto.TestResults/obj/Expecto.TestResults.fsproj.nuget.g.props.
  Generating MSBuild file /Users/h/dev/logibit/expecto/Expecto.TestResults/obj/Expecto.TestResults.fsproj.nuget.g.targets.
  Restore completed in 384.03 ms for /Users/h/dev/logibit/expecto/Expecto.TestResults/Expecto.TestResults.fsproj.
  Expecto.TestResults -> /Users/h/dev/logibit/expecto/Expecto.TestResults/bin/Release/netstandard2.0/Expecto.TestResults.dll
  Expecto.TestResults -> /Users/h/dev/logibit/expecto/Expecto.TestResults/bin/Release/net461/Expecto.TestResults.dll

Build succeeded.
    0 Warning(s)
    0 Error(s)

Time Elapsed 00:00:06.71
Finished (Success) 'DotNet:build' in 00:00:07.1530949
Starting task 'DotNet:build': Expecto.Hopac/Expecto.Hopac.fsproj
dotnet  build --no-dependencies Expecto.Hopac/Expecto.Hopac.fsproj --configuration Release
Microsoft (R) Build Engine version 15.8.166+gd4e8d81a88 for .NET Core
Copyright (C) Microsoft Corporation. All rights reserved.

  Paket version 5.177.1
  The last restore is still up to date. Nothing left to do.
  Performance:
   - Runtime: 62 milliseconds
  Paket version 5.177.1
  Starting restore process.
  Performance:
   - Disk IO: 6 milliseconds
   - Runtime: 1 second
  Restoring packages for /Users/h/dev/logibit/expecto/Expecto.Hopac/Expecto.Hopac.fsproj...
  Restore completed in 15.79 ms for /Users/h/dev/logibit/expecto/Expecto/Expecto.fsproj.
  Generating MSBuild file /Users/h/dev/logibit/expecto/Expecto.Hopac/obj/Expecto.Hopac.fsproj.nuget.g.props.
  Generating MSBuild file /Users/h/dev/logibit/expecto/Expecto.Hopac/obj/Expecto.Hopac.fsproj.nuget.g.targets.
  Restore completed in 442.2 ms for /Users/h/dev/logibit/expecto/Expecto.Hopac/Expecto.Hopac.fsproj.
  Expecto.Hopac -> /Users/h/dev/logibit/expecto/Expecto.Hopac/bin/Release/netstandard2.0/Expecto.Hopac.dll
  Expecto.Hopac -> /Users/h/dev/logibit/expecto/Expecto.Hopac/bin/Release/net461/Expecto.Hopac.dll

Build succeeded.
    0 Warning(s)
    0 Error(s)

Time Elapsed 00:00:07.02
Finished (Success) 'DotNet:build' in 00:00:07.4693828
Starting task 'DotNet:build': Expecto.FsCheck/Expecto.FsCheck.fsproj
dotnet  build --no-dependencies Expecto.FsCheck/Expecto.FsCheck.fsproj --configuration Release
Microsoft (R) Build Engine version 15.8.166+gd4e8d81a88 for .NET Core
Copyright (C) Microsoft Corporation. All rights reserved.

  Paket version 5.177.1
  The last restore is still up to date. Nothing left to do.
  Performance:
   - Runtime: 59 milliseconds
  Paket version 5.177.1
  Starting restore process.
  Performance:
   - Disk IO: 5 milliseconds
   - Runtime: 977 milliseconds
  Restoring packages for /Users/h/dev/logibit/expecto/Expecto.FsCheck/Expecto.FsCheck.fsproj...
  Restore completed in 14.99 ms for /Users/h/dev/logibit/expecto/Expecto/Expecto.fsproj.
  Generating MSBuild file /Users/h/dev/logibit/expecto/Expecto.FsCheck/obj/Expecto.FsCheck.fsproj.nuget.g.props.
  Generating MSBuild file /Users/h/dev/logibit/expecto/Expecto.FsCheck/obj/Expecto.FsCheck.fsproj.nuget.g.targets.
  Restore completed in 300.03 ms for /Users/h/dev/logibit/expecto/Expecto.FsCheck/Expecto.FsCheck.fsproj.
  Expecto.FsCheck -> /Users/h/dev/logibit/expecto/Expecto.FsCheck/bin/Release/netstandard2.0/Expecto.FsCheck.dll
  Expecto.FsCheck -> /Users/h/dev/logibit/expecto/Expecto.FsCheck/bin/Release/net461/Expecto.FsCheck.dll

Build succeeded.
    0 Warning(s)
    0 Error(s)

Time Elapsed 00:00:07.15
Finished (Success) 'DotNet:build' in 00:00:07.5657813
Finished (Success) 'BuildExpecto' in 00:00:34.1319848
Starting target 'BuildBenchmarkDotNet'
NoDescription
Starting task 'DotNet:build': Expecto.BenchmarkDotNet/Expecto.BenchmarkDotNet.fsproj
dotnet  build --no-dependencies Expecto.BenchmarkDotNet/Expecto.BenchmarkDotNet.fsproj --configuration Release
Microsoft (R) Build Engine version 15.8.166+gd4e8d81a88 for .NET Core
Copyright (C) Microsoft Corporation. All rights reserved.

  Paket version 5.177.1
  The last restore is still up to date. Nothing left to do.
  Performance:
   - Runtime: 60 milliseconds
  Paket version 5.177.1
  Starting restore process.
  Performance:
   - Disk IO: 12 milliseconds
   - Runtime: 1 second
  Restoring packages for /Users/h/dev/logibit/expecto/Expecto.BenchmarkDotNet/Expecto.BenchmarkDotNet.fsproj...
  Generating MSBuild file /Users/h/dev/logibit/expecto/Expecto.BenchmarkDotNet/obj/Expecto.BenchmarkDotNet.fsproj.nuget.g.props.
  Generating MSBuild file /Users/h/dev/logibit/expecto/Expecto.BenchmarkDotNet/obj/Expecto.BenchmarkDotNet.fsproj.nuget.g.targets.
  Restore completed in 458.91 ms for /Users/h/dev/logibit/expecto/Expecto.BenchmarkDotNet/Expecto.BenchmarkDotNet.fsproj.
  Expecto.BenchmarkDotNet -> /Users/h/dev/logibit/expecto/Expecto.BenchmarkDotNet/bin/Release/net461/Expecto.BenchmarkDotNet.dll
  Expecto.BenchmarkDotNet -> /Users/h/dev/logibit/expecto/Expecto.BenchmarkDotNet/bin/Release/netcoreapp2.0/Expecto.BenchmarkDotNet.dll

Build succeeded.
    0 Warning(s)
    0 Error(s)

Time Elapsed 00:00:07.75
Finished (Success) 'DotNet:build' in 00:00:08.1987454
Starting task 'DotNet:build': Expecto.BenchmarkDotNet.Tests/Expecto.BenchmarkDotNet.Tests.fsproj
dotnet  build --no-dependencies Expecto.BenchmarkDotNet.Tests/Expecto.BenchmarkDotNet.Tests.fsproj --configuration Release
Microsoft (R) Build Engine version 15.8.166+gd4e8d81a88 for .NET Core
Copyright (C) Microsoft Corporation. All rights reserved.

  Paket version 5.177.1
  The last restore is still up to date. Nothing left to do.
  Performance:
   - Runtime: 117 milliseconds
  Paket version 5.177.1
  Starting restore process.
  Performance:
   - Runtime: 842 milliseconds
  Restoring packages for /Users/h/dev/logibit/expecto/Expecto.BenchmarkDotNet.Tests/Expecto.BenchmarkDotNet.Tests.fsproj...
  Restore completed in 17.67 ms for /Users/h/dev/logibit/expecto/Expecto/Expecto.fsproj.
  Restore completed in 17.7 ms for /Users/h/dev/logibit/expecto/Expecto.BenchmarkDotNet/Expecto.BenchmarkDotNet.fsproj.
  Generating MSBuild file /Users/h/dev/logibit/expecto/Expecto.BenchmarkDotNet.Tests/obj/Expecto.BenchmarkDotNet.Tests.fsproj.nuget.g.props.
  Generating MSBuild file /Users/h/dev/logibit/expecto/Expecto.BenchmarkDotNet.Tests/obj/Expecto.BenchmarkDotNet.Tests.fsproj.nuget.g.targets.
  Restore completed in 569.54 ms for /Users/h/dev/logibit/expecto/Expecto.BenchmarkDotNet.Tests/Expecto.BenchmarkDotNet.Tests.fsproj.
  Expecto.BenchmarkDotNet.Tests -> /Users/h/dev/logibit/expecto/Expecto.BenchmarkDotNet.Tests/bin/Release/net461/Expecto.BenchmarkDotNet.Tests.exe
  Expecto.BenchmarkDotNet.Tests -> /Users/h/dev/logibit/expecto/Expecto.BenchmarkDotNet.Tests/bin/Release/netcoreapp2.0/Expecto.BenchmarkDotNet.Tests.dll

Build succeeded.
    0 Warning(s)
    0 Error(s)

Time Elapsed 00:00:10.26
Finished (Success) 'DotNet:build' in 00:00:10.7093726
Finished (Success) 'BuildBenchmarkDotNet' in 00:00:18.9090386
Starting target 'BuildTest'
NoDescription
Starting task 'DotNet:build': Expecto.Tests/Expecto.Tests.fsproj
dotnet  build --no-dependencies Expecto.Tests/Expecto.Tests.fsproj --configuration Release
Microsoft (R) Build Engine version 15.8.166+gd4e8d81a88 for .NET Core
Copyright (C) Microsoft Corporation. All rights reserved.

  Paket version 5.177.1
  The last restore is still up to date. Nothing left to do.
  Performance:
   - Runtime: 85 milliseconds
  Paket version 5.177.1
  Starting restore process.
  Performance:
   - Disk IO: 7 milliseconds
   - Runtime: 1 second
  Restoring packages for /Users/h/dev/logibit/expecto/Expecto.Tests/Expecto.Tests.fsproj...
  Restore completed in 36 ms for /Users/h/dev/logibit/expecto/Expecto.FsCheck/Expecto.FsCheck.fsproj.
  Restore completed in 35.99 ms for /Users/h/dev/logibit/expecto/Expecto/Expecto.fsproj.
  Restore completed in 35.99 ms for /Users/h/dev/logibit/expecto/Expecto.Hopac/Expecto.Hopac.fsproj.
  Restore completed in 36.01 ms for /Users/h/dev/logibit/expecto/Expecto.TestResults/Expecto.TestResults.fsproj.
  Generating MSBuild file /Users/h/dev/logibit/expecto/Expecto.Tests/obj/Expecto.Tests.fsproj.nuget.g.props.
  Generating MSBuild file /Users/h/dev/logibit/expecto/Expecto.Tests/obj/Expecto.Tests.fsproj.nuget.g.targets.
  Restore completed in 537.3 ms for /Users/h/dev/logibit/expecto/Expecto.Tests/Expecto.Tests.fsproj.
  Expecto.Tests -> /Users/h/dev/logibit/expecto/Expecto.Tests/bin/Release/net461/Expecto.Tests.exe
  Expecto.Tests -> /Users/h/dev/logibit/expecto/Expecto.Tests/bin/Release/netcoreapp2.1/Expecto.Tests.dll

Build succeeded.
    0 Warning(s)
    0 Error(s)

Time Elapsed 00:00:12.86
Finished (Success) 'DotNet:build' in 00:00:13.3715440
Starting task 'DotNet:build': Expecto.Hopac.Tests/Expecto.Hopac.Tests.fsproj
dotnet  build --no-dependencies Expecto.Hopac.Tests/Expecto.Hopac.Tests.fsproj --configuration Release
Microsoft (R) Build Engine version 15.8.166+gd4e8d81a88 for .NET Core
Copyright (C) Microsoft Corporation. All rights reserved.

  Paket version 5.177.1
  The last restore is still up to date. Nothing left to do.
  Performance:
   - Runtime: 84 milliseconds
  Paket version 5.177.1
  Starting restore process.
  Performance:
   - Disk IO: 4 milliseconds
   - Runtime: 1 second
  Restoring packages for /Users/h/dev/logibit/expecto/Expecto.Hopac.Tests/Expecto.Hopac.Tests.fsproj...
  Restore completed in 21.58 ms for /Users/h/dev/logibit/expecto/Expecto/Expecto.fsproj.
  Restore completed in 21.57 ms for /Users/h/dev/logibit/expecto/Expecto.Hopac/Expecto.Hopac.fsproj.
  Generating MSBuild file /Users/h/dev/logibit/expecto/Expecto.Hopac.Tests/obj/Expecto.Hopac.Tests.fsproj.nuget.g.props.
  Generating MSBuild file /Users/h/dev/logibit/expecto/Expecto.Hopac.Tests/obj/Expecto.Hopac.Tests.fsproj.nuget.g.targets.
  Restore completed in 539.88 ms for /Users/h/dev/logibit/expecto/Expecto.Hopac.Tests/Expecto.Hopac.Tests.fsproj.
  Expecto.Hopac.Tests -> /Users/h/dev/logibit/expecto/Expecto.Hopac.Tests/bin/Release/net461/Expecto.Hopac.Tests.exe
  Expecto.Hopac.Tests -> /Users/h/dev/logibit/expecto/Expecto.Hopac.Tests/bin/Release/netcoreapp2.1/Expecto.Hopac.Tests.dll

Build succeeded.
    0 Warning(s)
    0 Error(s)

Time Elapsed 00:00:10.33
Finished (Success) 'DotNet:build' in 00:00:11.0547097
Starting task 'DotNet:build': Expecto.Tests.CSharp/Expecto.Tests.CSharp.csproj
dotnet  build --no-dependencies Expecto.Tests.CSharp/Expecto.Tests.CSharp.csproj --configuration Release
Microsoft (R) Build Engine version 15.8.166+gd4e8d81a88 for .NET Core
Copyright (C) Microsoft Corporation. All rights reserved.

  Paket version 5.177.1
  The last restore is still up to date. Nothing left to do.
  Performance:
   - Runtime: 133 milliseconds
  Paket version 5.177.1
  Starting restore process.
  Performance:
   - Disk IO: 4 milliseconds
   - Runtime: 1 second
  Restoring packages for /Users/h/dev/logibit/expecto/Expecto.Tests.CSharp/Expecto.Tests.CSharp.csproj...
  Restore completed in 31.11 ms for /Users/h/dev/logibit/expecto/Expecto/Expecto.fsproj.
  Generating MSBuild file /Users/h/dev/logibit/expecto/Expecto.Tests.CSharp/obj/Expecto.Tests.CSharp.csproj.nuget.g.props.
  Generating MSBuild file /Users/h/dev/logibit/expecto/Expecto.Tests.CSharp/obj/Expecto.Tests.CSharp.csproj.nuget.g.targets.
  Restore completed in 535.97 ms for /Users/h/dev/logibit/expecto/Expecto.Tests.CSharp/Expecto.Tests.CSharp.csproj.
  Expecto.Tests.CSharp -> /Users/h/dev/logibit/expecto/Expecto.Tests.CSharp/bin/Release/net461/Expecto.Tests.CSharp.exe
  Expecto.Tests.CSharp -> /Users/h/dev/logibit/expecto/Expecto.Tests.CSharp/bin/Release/netcoreapp2.1/Expecto.Tests.CSharp.dll

Build succeeded.
    0 Warning(s)
    0 Error(s)

Time Elapsed 00:00:07.88
Finished (Success) 'DotNet:build' in 00:00:08.4579409
Starting task 'DotNet:build': Expecto.Focused.Tests/Expecto.Focused.Tests.fsproj
dotnet  build --no-dependencies Expecto.Focused.Tests/Expecto.Focused.Tests.fsproj --configuration Release
Microsoft (R) Build Engine version 15.8.166+gd4e8d81a88 for .NET Core
Copyright (C) Microsoft Corporation. All rights reserved.

  Paket version 5.177.1
  The last restore is still up to date. Nothing left to do.
  Performance:
   - Runtime: 94 milliseconds
  Paket version 5.177.1
  Starting restore process.
  Performance:
   - Disk IO: 4 milliseconds
   - Runtime: 1 second
  Restoring packages for /Users/h/dev/logibit/expecto/Expecto.Focused.Tests/Expecto.Focused.Tests.fsproj...
  Restore completed in 24.37 ms for /Users/h/dev/logibit/expecto/Expecto/Expecto.fsproj.
  Generating MSBuild file /Users/h/dev/logibit/expecto/Expecto.Focused.Tests/obj/Expecto.Focused.Tests.fsproj.nuget.g.props.
  Generating MSBuild file /Users/h/dev/logibit/expecto/Expecto.Focused.Tests/obj/Expecto.Focused.Tests.fsproj.nuget.g.targets.
  Restore completed in 422.33 ms for /Users/h/dev/logibit/expecto/Expecto.Focused.Tests/Expecto.Focused.Tests.fsproj.
  Expecto.Focused.Tests -> /Users/h/dev/logibit/expecto/Expecto.Focused.Tests/bin/Release/net461/Expecto.Focused.Tests.exe
  Expecto.Focused.Tests -> /Users/h/dev/logibit/expecto/Expecto.Focused.Tests/bin/Release/netcoreapp2.1/Expecto.Focused.Tests.dll

Build succeeded.
    0 Warning(s)
    0 Error(s)

Time Elapsed 00:00:08.37
Finished (Success) 'DotNet:build' in 00:00:08.9510969
Finished (Success) 'BuildTest' in 00:00:41.8412472
Starting target 'RunTest'
NoDescription
dotnet  Expecto.Tests/bin/Release/netcoreapp2.1/Expecto.Tests.dll  --summary
[1000D[?25h[1;30m[[37m11:36:05 [1;37mINF[1;30m] [1;37mEXPECTO? Running tests...[37m [1;30m<[37mExpecto[1;30m>[1;37m
[0m[1;30m[[37m11:36:06 [1;31mERR[1;30m] [1;37mFound duplicated test names, these names are: [1;32m[same path/same name][37m [1;30m<[37mExpecto[1;30m>[1;37m
[0m[1;30m[[37m11:36:06 [1;37mINF[1;30m] [1;37mEXPECTO? Running tests...[37m [1;30m<[37mExpecto[1;30m>[1;37m
[0m[1;30m[[37m11:36:06 [1;37mINF[1;30m] [1;37mEXPECTO? Running tests...[37m [1;30m<[37mExpecto[1;30m>[1;37m
[0m[1;30m[[37m11:36:06 [1;37mINF[1;30m] [1;37mEXPECTO? Running tests...[37m [1;30m<[37mExpecto[1;30m>[1;37m
[0m[1;30m[[37m11:36:06 [1;37mINF[1;30m] [1;37mEXPECTO? Running tests...[37m [1;30m<[37mExpecto[1;30m>[1;37m
[0m[1;30m[[37m11:36:06 [1;37mINF[1;30m] [1;37mEXPECTO! [1;36m2[1;37m tests run in [1;32m00:00:00.0165193[1;37m for [1;36mmiscellaneous[1;37m – [1;36m2[1;37m passed, [1;36m0[1;37m ignored, [1;36m0[1;37m failed, [1;36m0[1;37m errored. [1;36mSuccess![37m [1;30m<[37mExpecto[1;30m>[1;37m
[0m[1;30m[[37m11:36:06 [1;37mINF[1;30m] [1;37mEXPECTO! [1;36m2[1;37m tests run in [1;32m00:00:00.0169217[1;37m for [1;36mc/f[1;37m – [1;36m2[1;37m passed, [1;36m0[1;37m ignored, [1;36m0[1;37m failed, [1;36m0[1;37m errored. [1;36mSuccess![37m [1;30m<[37mExpecto[1;30m>[1;37m
[0m[1;30m[[37m11:36:06 [1;37mINF[1;30m] [1;37mEXPECTO! [1;36m2[1;37m tests run in [1;32m00:00:00.0167240[1;37m for [1;36mc/f[1;37m – [1;36m2[1;37m passed, [1;36m0[1;37m ignored, [1;36m0[1;37m failed, [1;36m0[1;37m errored. [1;36mSuccess![37m [1;30m<[37mExpecto[1;30m>[1;37m
[0m[1;30m[[37m11:36:06 [1;37mINF[1;30m] [1;37mEXPECTO! [1;36m3[1;37m tests run in [1;32m00:00:00.0152861[1;37m for [1;36mmiscellaneous[1;37m – [1;36m3[1;37m passed, [1;36m0[1;37m ignored, [1;36m0[1;37m failed, [1;36m0[1;37m errored. [1;36mSuccess![37m [1;30m<[37mExpecto[1;30m>[1;37m
[0m[1;30m[[37m11:36:31 [1;37mINF[1;30m] [1;37mStarting sequenced tests...[37m [1;30m<[37mExpecto[1;30m>[1;37m
[0m[1;30m[[37m11:36:31 [1;37mINF[1;30m] [1;36mhalf is faster[1;37m. f1 ([1;36m0.0635 ± 0.0058 ms[1;37m) is [1;36m~37%[1;37m faster than f2 ([1;36m0.1007 ± 0.0054 ms[1;37m).[37m [1;30m<[37mExpecto[1;30m>[1;37m
[0m[1;30m[[37m11:36:32 [1;37mINF[1;30m] [1;36mikj faster than ijk[1;37m. f1 ([1;36m2.0113 ± 0.0673 ms[1;37m) is [1;36m~56%[1;37m faster than f2 ([1;36m4.6219 ± 0.0830 ms[1;37m).[37m [1;30m<[37mExpecto[1;30m>[1;37m
[0m[1;30m[[37m11:36:32 [1;37mINF[1;30m] [1;37mEXPECTO! [1;36m204[1;37m tests run in [1;32m00:00:26.4907475[1;37m for [1;36mmiscellaneous[1;37m – [1;36m197[1;37m passed, [1;36m7[1;37m ignored, [1;36m0[1;37m failed, [1;36m0[1;37m errored. [1;36mSuccess![37m [1;30m<[37mExpecto[1;30m>[1;37m
[0m[1;30m[[37m11:36:32 [1;37mINF[1;30m] [1;37mEXPECTO?! Summary...
Passed: [1;36m 197
	cancel testing/parallel true async
	cancel testing/parallel true sync
	cancel testing/parallel false async
	cancel testing/parallel false sync
	performance/matrix
	performance/double is faster should fail
	performance/half is faster
	performance/1 <> 2
	expecto/Timeout/pass
	expecto/Timeout/fail
	findFastest/different values gives an error
	performance cryptography tests/md5 equals sha256
	all focused tests/can detect focused test
	all focused tests/can run if no focused test was found
	config tests/parallel config overrides
	config tests/parallel config works
	config
	focused
	config tests/none duplicate names are fine
	all focused tests/focused
	all focused tests/pending
	all/using computation expression
	all/basic
	config tests/duplicate names ok if set in config
	config tests/duplicate names fails by default
	all/testName tests/two test
	all/testName tests/one test
	all/using async computation expression with bind
	all/using async computation expression
	summary tests/can log 9 passed test
	summary tests/can log one passed test
	summary tests/can log empty summary
	run
	all/sumTestResults/duration
	all/sumTestResults/exn
	all/sumTestResults/failed
	all/sumTestResults/passed
	all/string comparison/string equal
	expecto/Setup & teardown 2/2
	expecto/Setup & teardown 2/1
	all/Setup & teardown/2
	all/Setup & teardown/1
	all/Exception handling/Expecto ignore
	expecto/Test filter/with one testcase
	expecto/testParam 1/Second sample
	expecto/testParam 1/First sample
	expecto/Setup & teardown 3/can write
	expecto/Setup & teardown 3/can read
	expecto/Reflection/from function
	expecto/Reflection/from member
	expecto/Test filter/with no results
	expecto/Test filter/with one testlist
	expecto/Test filter/with nested testcase
	expecto/parse args/list
	expecto/parse args/sequenced
	expecto/parse args/default
	expecto/Reflection/from empty type
	expecto/Reflection/from type
	all/string comparison/fail - different content
	all/string comparison/different length, actual is longer
	all/string comparison/different length, actual is shorter
	expecto/parse args/filtering/run
	expecto/parse args/filtering/filter test case wrong
	expecto/parse args/filtering/filter test case
	expecto/parse args/filtering/filter wrong
	expecto/parse args/filtering/filter deep
	expecto/parse args/filtering/filter
	expecto/expectations/notEqual/pass
	expecto/parse args/filtering/filter test list wrong
	expecto/parse args/filtering/filter test list
	expecto/expectations/throws/fail when exception is not raised
	expecto/expectations/throws/pass
	expecto/expectations/notEqual/fail
	expecto/parse args/filtering/run with run
	expecto/parse args/filtering/run with filter test list
	expecto/parse args/filtering/run with filter test case
	expecto/parse args/filtering/run with filter
	expecto/expectations/throwsT/give correct assert message on no exception
	expecto/expectations/throwsT/fail with no exception
	expecto/expectations/throwsT/fail with incorrect exception
	expecto/expectations/throwsT/pass
	expecto/expectations/throwsC/do not call 'cont' if exception is not raised
	expecto/expectations/throwsC/fail when exception is not raised
	expecto/expectations/throwsC/pass and call 'cont' when exception is raised
	expecto/transformations/multiple cultures
	expecto/expectations/double/negative infinity testing/is not a negative infinity
	expecto/expectations/double/positive infinity testing/is a positive infinity
	expecto/expectations/double/positive infinity testing/is not a positive infinity
	expecto/expectations/double/nan testing/is 'NaN'
	expecto/expectations/double/nan testing/is not 'NaN'
	expecto/expectations/flipped throwsT/fail with no exception
	expecto/expectations/flipped throwsT/fail with incorrect exception
	expecto/expectations/flipped throwsT/pass
	expecto/expectations/string isnotwhitespace/when string is empty
	expecto/expectations/string isnotwhitespace/when string is not whitespace
	expecto/expectations/string isnotempty/when string is empty
	expecto/expectations/string isnotempty/when string is not empty
	expecto/expectations/double/infinity testing/is a positive infinity
	expecto/expectations/double/infinity testing/is a negative infinity
	expecto/expectations/double/infinity testing/is not an infinity
	expecto/expectations/double/negative infinity testing/is a negative infinity
	expecto/expectations/string matches regex for isNotRegexMatch/pass
	expecto/expectations/string matches regex for isRegexMatch/fail
	expecto/expectations/string matches regex for isRegexMatch/pass
	expecto/expectations/string matches pattern for isNotMatch/fail
	expecto/expectations/string matches pattern for isNotMatch/pass
	expecto/expectations/string matches pattern for isMatch/fail
	expecto/expectations/string matches pattern for isMatch/pass
	expecto/expectations/string isnotwhitespace/when string is whitespace
	expecto/expectations/string starts/pass
	expecto/expectations/string contain/fail
	expecto/expectations/string contain/pass
	expecto/expectations/string matches regex and groups collection operator/fail
	expecto/expectations/string matches regex and groups collection operator/pass
	expecto/expectations/string matches pattern and groups collection operator/fail
	expecto/expectations/string matches pattern and groups collection operator/pass
	expecto/expectations/string matches regex for isNotRegexMatch/fail
	expecto/expectations/array is empty/pass
	expecto/expectations/list is empty/fail
	expecto/expectations/list is empty/pass
	expecto/expectations/string has length/fail
	expecto/expectations/string has length/pass
	expecto/expectations/string ends/fail
	expecto/expectations/string ends/pass
	expecto/expectations/string starts/fail
	expecto/expectations/#exists/pass
	expecto/expectations/list count/pass
	expecto/expectations/list is non empty/fail
	expecto/expectations/list is non empty/pass
	expecto/expectations/array is non empty/fail
	expecto/expectations/array is non empty/pass
	expecto/expectations/array is empty/fail
	expecto/expectations/#allEqual/pass - int
	expecto/expectations/#all/enumerating has side effects
	expecto/expectations/#all/null
	expecto/expectations/#all/pass
	expecto/expectations/#exists/null
	expecto/expectations/#exists/fail
	expecto/expectations/list count/fail
	expecto/expectations/#containsAll/sequence contains all in different order
	expecto/expectations/#containsAll/identical sequence
	expecto/expectations/#allEqual/enumerating has side effects
	expecto/expectations/#allEqual/null
	expecto/expectations/#allEqual/fail
	expecto/expectations/#allEqual/pass - string
	expecto/expectations/#all/fail
	expecto/expectations/#sequenceContainsOrder/Valid ordering of subsequence
	expecto/expectations/#distribution/sequence contains all in different order
	expecto/expectations/#distribution/identical sequence
	expecto/expectations/#containsAll/sequence contains everything expected
	expecto/expectations/sequence equal/pass
	expecto/expectations/#sequenceContainsOrder/Empty list passes
	expecto/expectations/#sequenceContainsOrder/Missing 7 from actual
	expecto/expectations/#sequenceContainsOrder/Wrong order of 0th and 1th elem
	expecto/expectations/#distribution/sequence does not contains everything expected
	expecto/expectations/#distribution/sequence does contain repeats in expected but should not
	expecto/expectations/#distribution/sequence doesn't contain repeats in expected
	expecto/expectations/sequence ascending/pass
	expecto/expectations/sequence starts/fail - subject shorter
	expecto/expectations/sequence starts/pass
	expecto/expectations/sequence equal/fail - shorter
	expecto/expectations/sequence equal/fail - longer
	expecto/expectations/sequence equal/affine sequence pass
	expecto/computation expression/compare comp.exp. and normal with value 6
	expecto/computation expression/compare comp.exp. and normal with value 1
	expecto/computation expression/compare comp.exp. and normal with value -5
	expecto/expectations/sequence descending/fail 
	expecto/expectations/sequence descending/pass
	expecto/expectations/sequence ascending/fail 
	expecto/expectations/sequence starts/fail - different
	expecto/expectations/sequence equal/fail - not equal
	close/user
	close/large
	close/small
	close/zero
	async/can fail
	async/let
	async/simple
	close/not greater than but close
	close/greater than easy
	close/not less than fails
	close/not less than but close
	close/less than easy
	close/inf fails
	close/nan fails
	close/can fail
	close/not greater than fails
	stress testing/memory sequenced
	stress testing/memory
	stress testing/single sequenced
	stress testing/single
	stress testing/two sequenced groups
	stress testing/sequenced group
	stress testing/deadlock sequenced
	stress testing/deadlock
	stress testing/never ending
	stress testing/never ending sequenced[1;37m
Ignored: [1;36m  7
	performance/same function is faster should fail
	findFastest/find fastest lo
	findFastest/find fastest hi
	findFastest/find fastest sleep
	performance cryptography tests/md5 versus sha256
	performance cryptography tests/sha256 versus md5
	all focused tests/ignored by attribute[1;37m
Failed: [1;36m   0[1;37m
Errored: [1;36m  0[37m [1;30m<[37mExpecto[1;30m>[1;37m
[0m[1000D[?25h[1;30m[[37m11:36:33 [1;37mINF[1;30m] [1;37mEXPECTO? Running tests...[37m [1;30m<[37mExpecto[1;30m>[1;37m
[0m[1;30m[[37m11:36:33 [1;31mERR[1;30m] [1;37mFound duplicated test names, these names are: [1;32m[same path/same name][37m [1;30m<[37mExpecto[1;30m>[1;37m
[0m[1;30m[[37m11:36:33 [1;37mINF[1;30m] [1;37mEXPECTO? Running tests...[37m [1;30m<[37mExpecto[1;30m>[1;37m
[0m[1;30m[[37m11:36:33 [1;37mINF[1;30m] [1;37mEXPECTO? Running tests...[37m [1;30m<[37mExpecto[1;30m>[1;37m
[0m[1;30m[[37m11:36:33 [1;37mINF[1;30m] [1;37mEXPECTO? Running tests...[37m [1;30m<[37mExpecto[1;30m>[1;37m
[0m[1;30m[[37m11:36:33 [1;37mINF[1;30m] [1;37mEXPECTO? Running tests...[37m [1;30m<[37mExpecto[1;30m>[1;37m
[0m[1;30m[[37m11:36:33 [1;37mINF[1;30m] [1;37mEXPECTO! [1;36m2[1;37m tests run in [1;32m00:00:00.0101160[1;37m for [1;36mc/f[1;37m – [1;36m2[1;37m passed, [1;36m0[1;37m ignored, [1;36m0[1;37m failed, [1;36m0[1;37m errored. [1;36mSuccess![37m [1;30m<[37mExpecto[1;30m>[1;37m
[0m[1;30m[[37m11:36:33 [1;37mINF[1;30m] [1;37mEXPECTO! [1;36m3[1;37m tests run in [1;32m00:00:00.0129782[1;37m for [1;36mmiscellaneous[1;37m – [1;36m3[1;37m passed, [1;36m0[1;37m ignored, [1;36m0[1;37m failed, [1;36m0[1;37m errored. [1;36mSuccess![37m [1;30m<[37mExpecto[1;30m>[1;37m
[0m[1;30m[[37m11:36:33 [1;37mINF[1;30m] [1;37mEXPECTO! [1;36m2[1;37m tests run in [1;32m00:00:00.0101280[1;37m for [1;36mc/f[1;37m – [1;36m2[1;37m passed, [1;36m0[1;37m ignored, [1;36m0[1;37m failed, [1;36m0[1;37m errored. [1;36mSuccess![37m [1;30m<[37mExpecto[1;30m>[1;37m
[0m[1;30m[[37m11:36:33 [1;37mINF[1;30m] [1;37mEXPECTO! [1;36m2[1;37m tests run in [1;32m00:00:00.0101205[1;37m for [1;36mmiscellaneous[1;37m – [1;36m2[1;37m passed, [1;36m0[1;37m ignored, [1;36m0[1;37m failed, [1;36m0[1;37m errored. [1;36mSuccess![37m [1;30m<[37mExpecto[1;30m>[1;37m
[0m[1;30m[[37m11:36:53 [1;37mINF[1;30m] [1;37mStarting sequenced tests...[37m [1;30m<[37mExpecto[1;30m>[1;37m
[0m[1;30m[[37m11:36:54 [1;37mINF[1;30m] [1;36mhalf is faster[1;37m. f1 ([1;36m0.1186 ± 0.0075 ms[1;37m) is [1;36m~53%[1;37m faster than f2 ([1;36m0.2538 ± 0.0149 ms[1;37m).[37m [1;30m<[37mExpecto[1;30m>[1;37m
[0m[1;30m[[37m11:36:54 [1;37mINF[1;30m] [1;36mikj faster than ijk[1;37m. f1 ([1;36m4.3215 ± 0.1334 ms[1;37m) is [1;36m~38%[1;37m faster than f2 ([1;36m7.0120 ± 0.1218 ms[1;37m).[37m [1;30m<[37mExpecto[1;30m>[1;37m
[0m[1;30m[[37m11:36:54 [1;37mINF[1;30m] [1;37mEXPECTO! [1;36m204[1;37m tests run in [1;32m00:00:21.6891962[1;37m for [1;36mmiscellaneous[1;37m – [1;36m197[1;37m passed, [1;36m7[1;37m ignored, [1;36m0[1;37m failed, [1;36m0[1;37m errored. [1;36mSuccess![37m [1;30m<[37mExpecto[1;30m>[1;37m
[0m[1;30m[[37m11:36:54 [1;37mINF[1;30m] [1;37mEXPECTO?! Summary...
Passed: [1;36m 197
	cancel testing/parallel true async
	cancel testing/parallel true sync
	cancel testing/parallel false async
	cancel testing/parallel false sync
	performance/matrix
	performance/double is faster should fail
	performance/half is faster
	performance/1 <> 2
	expecto/Timeout/pass
	expecto/Timeout/fail
	findFastest/different values gives an error
	performance cryptography tests/md5 equals sha256
	all focused tests/can detect focused test
	all focused tests/can run if no focused test was found
	config tests/parallel config overrides
	config tests/parallel config works
	all focused tests/focused
	all focused tests/pending
	config tests/none duplicate names are fine
	config
	focused
	all/using computation expression
	all/basic
	config tests/duplicate names ok if set in config
	config tests/duplicate names fails by default
	all/testName tests/two test
	all/testName tests/one test
	all/using async computation expression with bind
	all/using async computation expression
	summary tests/can log 9 passed test
	summary tests/can log one passed test
	all/string comparison/string equal
	summary tests/can log empty summary
	run
	all/Exception handling/Expecto ignore
	all/sumTestResults/duration
	all/sumTestResults/exn
	all/sumTestResults/failed
	all/sumTestResults/passed
	expecto/Setup & teardown 3/can read
	expecto/Setup & teardown 2/2
	expecto/Setup & teardown 2/1
	all/Setup & teardown/2
	all/Setup & teardown/1
	expecto/Test filter/with nested testcase
	expecto/Test filter/with one testcase
	expecto/testParam 1/Second sample
	expecto/testParam 1/First sample
	expecto/Setup & teardown 3/can write
	expecto/Reflection/from type
	expecto/Reflection/from function
	expecto/Reflection/from member
	expecto/Test filter/with no results
	expecto/Test filter/with one testlist
	expecto/parse args/list
	expecto/parse args/sequenced
	expecto/parse args/default
	expecto/Reflection/from empty type
	all/string comparison/fail - different content
	all/string comparison/different length, actual is longer
	all/string comparison/different length, actual is shorter
	expecto/parse args/filtering/run
	expecto/parse args/filtering/filter test case wrong
	expecto/parse args/filtering/filter test case
	expecto/parse args/filtering/filter test list wrong
	expecto/parse args/filtering/filter test list
	expecto/parse args/filtering/filter wrong
	expecto/parse args/filtering/filter deep
	expecto/parse args/filtering/filter
	expecto/expectations/throws/pass
	expecto/expectations/notEqual/pass
	expecto/expectations/throwsC/pass and call 'cont' when exception is raised
	expecto/expectations/throwsC/fail when exception is not raised
	expecto/expectations/throws/fail when exception is not raised
	expecto/expectations/notEqual/fail
	expecto/expectations/throwsT/fail with incorrect exception
	expecto/expectations/throwsT/pass
	expecto/expectations/throwsC/do not call 'cont' if exception is not raised
	expecto/transformations/multiple cultures
	expecto/parse args/filtering/run with run
	expecto/parse args/filtering/run with filter test list
	expecto/parse args/filtering/run with filter test case
	expecto/parse args/filtering/run with filter
	expecto/expectations/double/positive infinity testing/is not a positive infinity
	expecto/expectations/double/nan testing/is 'NaN'
	expecto/expectations/double/nan testing/is not 'NaN'
	expecto/expectations/flipped throwsT/fail with no exception
	expecto/expectations/flipped throwsT/fail with incorrect exception
	expecto/expectations/flipped throwsT/pass
	expecto/expectations/throwsT/give correct assert message on no exception
	expecto/expectations/throwsT/fail with no exception
	expecto/expectations/string isnotempty/when string is empty
	expecto/expectations/string isnotempty/when string is not empty
	expecto/expectations/double/infinity testing/is a positive infinity
	expecto/expectations/double/infinity testing/is a negative infinity
	expecto/expectations/double/infinity testing/is not an infinity
	expecto/expectations/double/negative infinity testing/is a negative infinity
	expecto/expectations/double/negative infinity testing/is not a negative infinity
	expecto/expectations/double/positive infinity testing/is a positive infinity
	expecto/expectations/string matches regex for isRegexMatch/pass
	expecto/expectations/string matches pattern for isNotMatch/fail
	expecto/expectations/string matches pattern for isNotMatch/pass
	expecto/expectations/string matches pattern for isMatch/fail
	expecto/expectations/string matches pattern for isMatch/pass
	expecto/expectations/string isnotwhitespace/when string is whitespace
	expecto/expectations/string isnotwhitespace/when string is empty
	expecto/expectations/string isnotwhitespace/when string is not whitespace
	expecto/expectations/string contain/pass
	expecto/expectations/string matches regex and groups collection operator/pass
	expecto/expectations/string matches pattern and groups collection operator/pass
	expecto/expectations/string matches regex for isNotRegexMatch/pass
	expecto/expectations/string ends/pass
	expecto/expectations/string starts/fail
	expecto/expectations/string starts/pass
	expecto/expectations/string contain/fail
	expecto/expectations/string matches regex for isNotRegexMatch/fail
	expecto/expectations/string matches regex for isRegexMatch/fail
	expecto/expectations/array is empty/pass
	expecto/expectations/list is empty/fail
	expecto/expectations/list is empty/pass
	expecto/expectations/string has length/fail
	expecto/expectations/string has length/pass
	expecto/expectations/string ends/fail
	expecto/expectations/string matches regex and groups collection operator/fail
	expecto/expectations/string matches pattern and groups collection operator/fail
	expecto/expectations/#exists/pass
	expecto/expectations/list count/pass
	expecto/expectations/list is non empty/fail
	expecto/expectations/list is non empty/pass
	expecto/expectations/array is non empty/fail
	expecto/expectations/array is non empty/pass
	expecto/expectations/array is empty/fail
	expecto/expectations/#all/null
	expecto/expectations/#exists/null
	expecto/expectations/#exists/fail
	expecto/expectations/list count/fail
	expecto/expectations/#allEqual/null
	expecto/expectations/#allEqual/pass - string
	expecto/expectations/#allEqual/pass - int
	expecto/expectations/#all/enumerating has side effects
	expecto/expectations/#all/pass
	expecto/expectations/#containsAll/sequence contains all in different order
	expecto/expectations/#containsAll/identical sequence
	expecto/expectations/#allEqual/enumerating has side effects
	expecto/expectations/#all/fail
	expecto/expectations/#sequenceContainsOrder/Valid ordering of subsequence
	expecto/expectations/#allEqual/fail
	expecto/expectations/#containsAll/sequence contains everything expected
	expecto/expectations/#sequenceContainsOrder/Empty list passes
	expecto/expectations/#distribution/sequence contains all in different order
	expecto/expectations/#distribution/identical sequence
	expecto/expectations/sequence equal/pass
	expecto/expectations/sequence equal/fail - longer
	expecto/expectations/#sequenceContainsOrder/Missing 7 from actual
	expecto/expectations/#sequenceContainsOrder/Wrong order of 0th and 1th elem
	expecto/expectations/#distribution/sequence does not contains everything expected
	expecto/expectations/#distribution/sequence does contain repeats in expected but should not
	expecto/expectations/#distribution/sequence doesn't contain repeats in expected
	expecto/expectations/sequence ascending/pass
	expecto/expectations/sequence starts/pass
	expecto/expectations/sequence equal/fail - shorter
	expecto/computation expression/compare comp.exp. and normal with value -5
	expecto/expectations/sequence descending/fail 
	expecto/expectations/sequence descending/pass
	expecto/expectations/sequence ascending/fail 
	expecto/expectations/sequence starts/fail - subject shorter
	expecto/expectations/sequence starts/fail - different
	expecto/expectations/sequence equal/fail - not equal
	close/small
	close/zero
	async/can fail
	async/let
	async/simple
	expecto/computation expression/compare comp.exp. and normal with value 6
	expecto/computation expression/compare comp.exp. and normal with value 1
	close/not less than but close
	close/less than easy
	close/inf fails
	close/user
	close/large
	expecto/expectations/sequence equal/affine sequence pass
	close/not greater than fails
	close/not greater than but close
	close/greater than easy
	close/not less than fails
	close/nan fails
	close/can fail
	stress testing/memory
	stress testing/memory sequenced
	stress testing/single sequenced
	stress testing/single
	stress testing/two sequenced groups
	stress testing/deadlock sequenced
	stress testing/sequenced group
	stress testing/deadlock
	stress testing/never ending
	stress testing/never ending sequenced[1;37m
Ignored: [1;36m  7
	performance/same function is faster should fail
	findFastest/find fastest lo
	findFastest/find fastest hi
	findFastest/find fastest sleep
	performance cryptography tests/md5 versus sha256
	performance cryptography tests/sha256 versus md5
	all focused tests/ignored by attribute[1;37m
Failed: [1;36m   0[1;37m
Errored: [1;36m  0[37m [1;30m<[37mExpecto[1;30m>[1;37m
[0m
dotnet  Expecto.Hopac.Tests/bin/Release/netcoreapp2.1/Expecto.Hopac.Tests.dll  --summary
[1;30m[[37m11:36:55 [1;37mINF[1;30m] [1;37mEXPECTO? Running tests...[37m [1;30m<[37mExpecto[1;30m>[1;37m
[0m[1;30m[[37m11:36:56 [1;37mINF[1;30m] [1;37mEXPECTO! [1;36m5[1;37m tests run in [1;32m00:00:00.2534945[1;37m for [1;36mmiscellaneous[1;37m – [1;36m5[1;37m passed, [1;36m0[1;37m ignored, [1;36m0[1;37m failed, [1;36m0[1;37m errored. [1;36mSuccess![37m [1;30m<[37mExpecto[1;30m>[1;37m
[0m[1;30m[[37m11:36:56 [1;37mINF[1;30m] [1;37mEXPECTO?! Summary...
Passed: [1;36m 5
	job/let job
	job/simple job
	all/using job computation expression with bind
	all/using job computation expression
	job/job can fail[1;37m
Ignored: [1;36m0[1;37m
Failed: [1;36m 0[1;37m
Errored: [1;36m0[37m [1;30m<[37mExpecto[1;30m>[1;37m
[0m[1;30m[[37m11:36:56 [1;37mINF[1;30m] [1;37mEXPECTO? Running tests...[37m [1;30m<[37mExpecto[1;30m>[1;37m
[0m[1;30m[[37m11:36:56 [1;37mINF[1;30m] [1;37mEXPECTO! [1;36m5[1;37m tests run in [1;32m00:00:00.1520290[1;37m for [1;36mmiscellaneous[1;37m – [1;36m5[1;37m passed, [1;36m0[1;37m ignored, [1;36m0[1;37m failed, [1;36m0[1;37m errored. [1;36mSuccess![37m [1;30m<[37mExpecto[1;30m>[1;37m
[0m[1;30m[[37m11:36:56 [1;37mINF[1;30m] [1;37mEXPECTO?! Summary...
Passed: [1;36m 5
	job/let job
	job/simple job
	all/using job computation expression with bind
	all/using job computation expression
	job/job can fail[1;37m
Ignored: [1;36m0[1;37m
Failed: [1;36m 0[1;37m
Errored: [1;36m0[37m [1;30m<[37mExpecto[1;30m>[1;37m
[0m
dotnet  Expecto.Tests.CSharp/bin/Release/netcoreapp2.1/Expecto.Tests.CSharp.dll  --summary
[1;30m[[37m11:36:57 [1;37mINF[1;30m] [1;37mEXPECTO? Running tests...[37m [1;30m<[37mExpecto[1;30m>[1;37m
[0mfocusedstandard tasktask[1;30m[[37m11:36:57 [1;37mINF[1;30m] [1;37mEXPECTO! [1;36m9[1;37m tests run in [1;32m00:00:00.1875130[1;37m for [1;36mgeneral groupings[1;37m – [1;36m3[1;37m passed, [1;36m6[1;37m ignored, [1;36m0[1;37m failed, [1;36m0[1;37m errored. [1;36mSuccess![37m [1;30m<[37mExpecto[1;30m>[1;37m
[0m[1;30m[[37m11:36:57 [1;37mINF[1;30m] [1;37mEXPECTO?! Summary...
Passed: [1;36m 3
	general groupings/focused
	general groupings/focused async
	general groupings/focused async Action[1;37m
Ignored: [1;36m6
	general groupings/pending async Action
	general groupings/async Action
	general groupings/pending async
	general groupings/pending
	general groupings/standard async
	general groupings/standard[1;37m
Failed: [1;36m 0[1;37m
Errored: [1;36m0[37m [1;30m<[37mExpecto[1;30m>[1;37m
[0m[1;30m[[37m11:36:58 [1;37mINF[1;30m] [1;37mEXPECTO? Running tests...[37m [1;30m<[37mExpecto[1;30m>[1;37m
[0mfocusedstandard tasktask[1;30m[[37m11:36:58 [1;37mINF[1;30m] [1;37mEXPECTO! [1;36m9[1;37m tests run in [1;32m00:00:00.1658429[1;37m for [1;36mgeneral groupings[1;37m – [1;36m3[1;37m passed, [1;36m6[1;37m ignored, [1;36m0[1;37m failed, [1;36m0[1;37m errored. [1;36mSuccess![37m [1;30m<[37mExpecto[1;30m>[1;37m
[0m[1;30m[[37m11:36:58 [1;37mINF[1;30m] [1;37mEXPECTO?! Summary...
Passed: [1;36m 3
	general groupings/focused
	general groupings/focused async Action
	general groupings/focused async[1;37m
Ignored: [1;36m6
	general groupings/pending async Action
	general groupings/async Action
	general groupings/pending async
	general groupings/pending
	general groupings/standard async
	general groupings/standard[1;37m
Failed: [1;36m 0[1;37m
Errored: [1;36m0[37m [1;30m<[37mExpecto[1;30m>[1;37m
[0m
dotnet  Expecto.Focused.Tests/bin/Release/netcoreapp2.1/Expecto.Focused.Tests.dll  --summary
[1;30m[[37m11:36:58 [1;37mINF[1;30m] [1;37mEXPECTO? Running tests...[37m [1;30m<[37mExpecto[1;30m>[1;37m
[0m[1;30m[[37m11:36:59 [1;37mINF[1;30m] [1;37mEXPECTO! [1;36m2[1;37m tests run in [1;32m00:00:00.0700795[1;37m for [1;36mmiscellaneous[1;37m – [1;36m1[1;37m passed, [1;36m1[1;37m ignored, [1;36m0[1;37m failed, [1;36m0[1;37m errored. [1;36mSuccess![37m [1;30m<[37mExpecto[1;30m>[1;37m
[0m[1;30m[[37m11:36:59 [1;37mINF[1;30m] [1;37mEXPECTO?! Summary...
Passed: [1;36m 1
	FTestAttribute is working as intended[1;37m
Ignored: [1;36m1
	Should fail if FTestAttribute is not working[1;37m
Failed: [1;36m 0[1;37m
Errored: [1;36m0[37m [1;30m<[37mExpecto[1;30m>[1;37m
[0m[1;30m[[37m11:36:59 [1;37mINF[1;30m] [1;37mEXPECTO? Running tests...[37m [1;30m<[37mExpecto[1;30m>[1;37m
[0m[1;30m[[37m11:36:59 [1;37mINF[1;30m] [1;37mEXPECTO! [1;36m2[1;37m tests run in [1;32m00:00:00.0604076[1;37m for [1;36mmiscellaneous[1;37m – [1;36m1[1;37m passed, [1;36m1[1;37m ignored, [1;36m0[1;37m failed, [1;36m0[1;37m errored. [1;36mSuccess![37m [1;30m<[37mExpecto[1;30m>[1;37m
[0m[1;30m[[37m11:36:59 [1;37mINF[1;30m] [1;37mEXPECTO?! Summary...
Passed: [1;36m 1
	FTestAttribute is working as intended[1;37m
Ignored: [1;36m1
	Should fail if FTestAttribute is not working[1;37m
Failed: [1;36m 0[1;37m
Errored: [1;36m0[37m [1;30m<[37mExpecto[1;30m>[1;37m
[0m
Finished (Success) 'RunTest' in 00:00:54.6244267
Starting target 'Pack'
NoDescription
/Users/h/.dotnet/dotnet  pack Expecto/Expecto.fsproj -c Release -o ../bin --no-build --no-restore /p:Title="Expecto" /p:PackageVersion=8.3.0 /p:Authors="Anthony Lloyd & Henrik Feldt and contributors" /p:Owners="Anthony Lloyd & Henrik Feldt (cloned from Fuchu by @mausch)" /p:PackageRequireLicenseAcceptance=false /p:Description="Advanced testing library for F#" /p:PackageReleaseNotes="Adding test results file see #179 thanks @matthid @haf" /p:Copyright="Copyright 2018" /p:PackageTags="test testing fsharp assert expect stress performance unit random property" /p:PackageProjectUrl="https://github.com/haf/expecto" /p:PackageIconUrl="https://raw.githubusercontent.com/haf/expecto/master/docs/expecto-logo-small.png" /p:PackageLicenseUrl="https://github.com/haf/expecto/blob/master/LICENSE"  
Microsoft (R) Build Engine version 15.6.84.34536 for .NET Core
Copyright (C) Microsoft Corporation. All rights reserved.

  Paket version 5.177.1
  Performance:
   - Runtime: 659 milliseconds
  Successfully created package '/Users/h/dev/logibit/expecto/bin/Expecto.8.3.0.nupkg'.
/Users/h/.dotnet/dotnet  pack Expecto.FsCheck/Expecto.FsCheck.fsproj -c Release -o ../bin --no-build --no-restore /p:Title="Expecto.FsCheck" /p:PackageVersion=8.3.0 /p:Authors="Anthony Lloyd & Henrik Feldt and contributors" /p:Owners="Anthony Lloyd & Henrik Feldt (cloned from Fuchu by @mausch)" /p:PackageRequireLicenseAcceptance=false /p:Description="Advanced testing library for F#" /p:PackageReleaseNotes="Adding test results file see #179 thanks @matthid @haf" /p:Copyright="Copyright 2018" /p:PackageTags="test testing fsharp assert expect stress performance unit random property" /p:PackageProjectUrl="https://github.com/haf/expecto" /p:PackageIconUrl="https://raw.githubusercontent.com/haf/expecto/master/docs/expecto-logo-small.png" /p:PackageLicenseUrl="https://github.com/haf/expecto/blob/master/LICENSE"  
Microsoft (R) Build Engine version 15.6.84.34536 for .NET Core
Copyright (C) Microsoft Corporation. All rights reserved.

  Paket version 5.177.1
  Performance:
   - Runtime: 610 milliseconds
  Successfully created package '/Users/h/dev/logibit/expecto/bin/Expecto.FsCheck.8.3.0.nupkg'.
/Users/h/.dotnet/dotnet  pack Expecto.BenchmarkDotNet/Expecto.BenchmarkDotNet.fsproj -c Release -o ../bin --no-build --no-restore /p:Title="Expecto.BenchmarkDotNet" /p:PackageVersion=8.3.0 /p:Authors="Anthony Lloyd & Henrik Feldt and contributors" /p:Owners="Anthony Lloyd & Henrik Feldt (cloned from Fuchu by @mausch)" /p:PackageRequireLicenseAcceptance=false /p:Description="Advanced testing library for F#" /p:PackageReleaseNotes="Adding test results file see #179 thanks @matthid @haf" /p:Copyright="Copyright 2018" /p:PackageTags="test testing fsharp assert expect stress performance unit random property" /p:PackageProjectUrl="https://github.com/haf/expecto" /p:PackageIconUrl="https://raw.githubusercontent.com/haf/expecto/master/docs/expecto-logo-small.png" /p:PackageLicenseUrl="https://github.com/haf/expecto/blob/master/LICENSE"  
Microsoft (R) Build Engine version 15.6.84.34536 for .NET Core
Copyright (C) Microsoft Corporation. All rights reserved.

  Paket version 5.177.1
  Performance:
   - Runtime: 596 milliseconds
  Successfully created package '/Users/h/dev/logibit/expecto/bin/Expecto.BenchmarkDotNet.8.3.0.nupkg'.
/Users/h/.dotnet/dotnet  pack Expecto.Hopac/Expecto.Hopac.fsproj -c Release -o ../bin --no-build --no-restore /p:Title="Expecto.Hopac" /p:PackageVersion=8.3.0 /p:Authors="Anthony Lloyd & Henrik Feldt and contributors" /p:Owners="Anthony Lloyd & Henrik Feldt (cloned from Fuchu by @mausch)" /p:PackageRequireLicenseAcceptance=false /p:Description="Advanced testing library for F#" /p:PackageReleaseNotes="Adding test results file see #179 thanks @matthid @haf" /p:Copyright="Copyright 2018" /p:PackageTags="test testing fsharp assert expect stress performance unit random property" /p:PackageProjectUrl="https://github.com/haf/expecto" /p:PackageIconUrl="https://raw.githubusercontent.com/haf/expecto/master/docs/expecto-logo-small.png" /p:PackageLicenseUrl="https://github.com/haf/expecto/blob/master/LICENSE"  
Microsoft (R) Build Engine version 15.6.84.34536 for .NET Core
Copyright (C) Microsoft Corporation. All rights reserved.

  Paket version 5.177.1
  Performance:
   - Runtime: 511 milliseconds
  Successfully created package '/Users/h/dev/logibit/expecto/bin/Expecto.Hopac.8.3.0.nupkg'.
Finished (Success) 'Pack' in 00:00:14.5563625
Starting target 'All'
NoDescription
Finished (Success) 'All' in 00:00:00.0002294
Starting target 'Push'
NoDescription
Starting task 'PaketPush': /Users/h/dev/logibit/expecto/bin/Expecto.BenchmarkDotNet.8.3.0.nupkg, /Users/h/dev/logibit/expecto/bin/Expecto.FsCheck.8.3.0.nupkg, /Users/h/dev/logibit/expecto/bin/Expecto.8.3.0.nupkg, /Users/h/dev/logibit/expecto/bin/Expecto.Hopac.8.3.0.nupkg
/Library/Frameworks/Mono.framework/Versions/Current/Commands/mono --debug "/Users/h/dev/logibit/expecto/.paket/paket.exe" push  /Users/h/dev/logibit/expecto/bin/Expecto.Hopac.8.3.0.nupkg
/Library/Frameworks/Mono.framework/Versions/Current/Commands/mono --debug "/Users/h/dev/logibit/expecto/.paket/paket.exe" push  /Users/h/dev/logibit/expecto/bin/Expecto.FsCheck.8.3.0.nupkg
/Library/Frameworks/Mono.framework/Versions/Current/Commands/mono --debug "/Users/h/dev/logibit/expecto/.paket/paket.exe" push  /Users/h/dev/logibit/expecto/bin/Expecto.8.3.0.nupkg
/Library/Frameworks/Mono.framework/Versions/Current/Commands/mono --debug "/Users/h/dev/logibit/expecto/.paket/paket.exe" push  /Users/h/dev/logibit/expecto/bin/Expecto.BenchmarkDotNet.8.3.0.nupkg
Paket version 5.177.1
Paket version 5.177.1
Paket version 5.177.1
Paket version 5.177.1
Pushing package /Users/h/dev/logibit/expecto/bin/Expecto.Hopac.8.3.0.nupkg to https://nuget.org/api/v2/package - trial 1
Pushing package /Users/h/dev/logibit/expecto/bin/Expecto.8.3.0.nupkg to https://nuget.org/api/v2/package - trial 1
Pushing package /Users/h/dev/logibit/expecto/bin/Expecto.BenchmarkDotNet.8.3.0.nupkg to https://nuget.org/api/v2/package - trial 1
Pushing package /Users/h/dev/logibit/expecto/bin/Expecto.FsCheck.8.3.0.nupkg to https://nuget.org/api/v2/package - trial 1
Pushing /Users/h/dev/logibit/expecto/bin/Expecto.Hopac.8.3.0.nupkg complete.
Performance:
 - Runtime: 3 seconds
Pushing /Users/h/dev/logibit/expecto/bin/Expecto.FsCheck.8.3.0.nupkg complete.
Performance:
 - Runtime: 4 seconds
Pushing /Users/h/dev/logibit/expecto/bin/Expecto.BenchmarkDotNet.8.3.0.nupkg complete.
Performance:
 - Runtime: 4 seconds
Pushing /Users/h/dev/logibit/expecto/bin/Expecto.8.3.0.nupkg complete.
Performance:
 - Runtime: 6 seconds
Finished (Success) 'PaketPush' in 00:00:07.4717049
Finished (Success) 'Push' in 00:00:08.1607583
Starting target 'Release'
NoDescription
git remote -v
git add . --all
